{
  "RSpec": {
    "coverage": {
      "/Users/RoanMertens/code/RoanMertens/smart-pension-code-test/spec/log_reader_spec.rb": [
        1,
        null,
        1,
        1,
        1,
        1,
        null,
        1,
        1,
        1,
        1,
        null,
        null,
        null,
        1,
        1,
        1,
        1,
        null,
        null,
        1,
        1,
        null,
        null,
        1,
        1,
        null,
        null,
        1,
        null,
        null,
        1,
        1,
        null,
        null,
        null,
        1,
        1,
        1,
        null,
        null,
        1,
        1,
        null,
        null,
        1,
        1,
        null,
        null,
        1,
        1,
        null,
        null,
        1,
        null,
        null,
        null,
        null
      ],
      "/Users/RoanMertens/code/RoanMertens/smart-pension-code-test/lib/log_reader.rb": [
        1,
        null,
        1,
        1,
        3,
        null,
        null,
        1,
        4,
        null,
        null,
        1,
        4,
        null,
        null,
        1,
        null,
        1,
        30,
        null,
        null,
        1,
        30,
        null,
        null
      ],
      "/Users/RoanMertens/code/RoanMertens/smart-pension-code-test/lib/parser.rb": [
        1,
        1,
        6,
        5,
        5,
        null,
        null,
        1,
        null,
        1,
        6,
        null,
        null,
        1,
        17,
        5,
        5,
        null,
        null,
        1,
        667,
        10,
        null,
        null
      ],
      "/Users/RoanMertens/code/RoanMertens/smart-pension-code-test/spec/parser_spec.rb": [
        1,
        null,
        1,
        1,
        1,
        1,
        null,
        null,
        1,
        1,
        null,
        null,
        1,
        2,
        null,
        null,
        null
      ]
    },
    "timestamp": 1562580529
  }
}
